<?xml version="1.0" encoding="UTF-8"?>
<coverage generated="1661270203362" clover="3.2.0">
  <project timestamp="1661270203363" name="All files">
    <metrics statements="41" coveredstatements="39" conditionals="9" coveredconditionals="6" methods="12" coveredmethods="12" elements="62" coveredelements="57" complexity="0" loc="41" ncloc="41" packages="4" files="7" classes="7"/>
    <package name="controllers.signUpController">
      <metrics statements="20" coveredstatements="20" conditionals="3" coveredconditionals="3" methods="3" coveredmethods="3"/>
      <file name="signUpController.ts" path="C:\Users\cgome\Documents\webdesign\clean architecture\clean-node-api\src\presentation\controllers\signUpController\signUpController.ts">
        <metrics statements="20" coveredstatements="20" conditionals="3" coveredconditionals="3" methods="3" coveredmethods="3"/>
        <line num="2" count="1" type="stmt"/>
        <line num="3" count="1" type="stmt"/>
        <line num="7" count="1" type="stmt"/>
        <line num="9" count="11" type="stmt"/>
        <line num="10" count="11" type="stmt"/>
        <line num="13" count="1" type="stmt"/>
        <line num="14" count="11" type="stmt"/>
        <line num="22" count="38" type="stmt"/>
        <line num="23" count="38" type="cond" truecount="1" falsecount="0"/>
        <line num="24" count="4" type="stmt"/>
        <line num="27" count="7" type="stmt"/>
        <line num="30" count="7" type="stmt"/>
        <line num="31" count="6" type="cond" truecount="1" falsecount="0"/>
        <line num="32" count="1" type="stmt"/>
        <line num="35" count="5" type="cond" truecount="1" falsecount="0"/>
        <line num="36" count="1" type="stmt"/>
        <line num="40" count="4" type="stmt"/>
        <line num="41" count="3" type="stmt"/>
        <line num="43" count="2" type="stmt"/>
        <line num="46" count="1" type="stmt"/>
      </file>
    </package>
    <package name="errors">
      <metrics statements="15" coveredstatements="15" conditionals="6" coveredconditionals="3" methods="6" coveredmethods="6"/>
      <file name="index.ts" path="C:\Users\cgome\Documents\webdesign\clean architecture\clean-node-api\src\presentation\errors\index.ts">
        <metrics statements="3" coveredstatements="3" conditionals="0" coveredconditionals="0" methods="0" coveredmethods="0"/>
        <line num="1" count="1" type="stmt"/>
        <line num="2" count="1" type="stmt"/>
        <line num="3" count="1" type="stmt"/>
      </file>
      <file name="invalidEmailError.ts" path="C:\Users\cgome\Documents\webdesign\clean architecture\clean-node-api\src\presentation\errors\invalidEmailError.ts">
        <metrics statements="4" coveredstatements="4" conditionals="2" coveredconditionals="1" methods="2" coveredmethods="2"/>
        <line num="1" count="1" type="stmt"/>
        <line num="3" count="4" type="cond" truecount="1" falsecount="1"/>
        <line num="4" count="4" type="stmt"/>
        <line num="6" count="1" type="stmt"/>
      </file>
      <file name="missingParamError.ts" path="C:\Users\cgome\Documents\webdesign\clean architecture\clean-node-api\src\presentation\errors\missingParamError.ts">
        <metrics statements="4" coveredstatements="4" conditionals="2" coveredconditionals="1" methods="2" coveredmethods="2"/>
        <line num="1" count="1" type="stmt"/>
        <line num="3" count="8" type="cond" truecount="1" falsecount="1"/>
        <line num="4" count="8" type="stmt"/>
        <line num="6" count="1" type="stmt"/>
      </file>
      <file name="serverError.ts" path="C:\Users\cgome\Documents\webdesign\clean architecture\clean-node-api\src\presentation\errors\serverError.ts">
        <metrics statements="4" coveredstatements="4" conditionals="2" coveredconditionals="1" methods="2" coveredmethods="2"/>
        <line num="1" count="1" type="stmt"/>
        <line num="3" count="4" type="cond" truecount="1" falsecount="1"/>
        <line num="4" count="4" type="stmt"/>
        <line num="6" count="1" type="stmt"/>
      </file>
    </package>
    <package name="helpers">
      <metrics statements="4" coveredstatements="4" conditionals="0" coveredconditionals="0" methods="3" coveredmethods="3"/>
      <file name="httpHelper.ts" path="C:\Users\cgome\Documents\webdesign\clean architecture\clean-node-api\src\presentation\helpers\httpHelper.ts">
        <metrics statements="4" coveredstatements="4" conditionals="0" coveredconditionals="0" methods="3" coveredmethods="3"/>
        <line num="1" count="1" type="stmt"/>
        <line num="4" count="6" type="stmt"/>
        <line num="9" count="2" type="stmt"/>
        <line num="14" count="3" type="stmt"/>
      </file>
    </package>
    <package name="protocols">
      <metrics statements="2" coveredstatements="0" conditionals="0" coveredconditionals="0" methods="0" coveredmethods="0"/>
      <file name="index.ts" path="C:\Users\cgome\Documents\webdesign\clean architecture\clean-node-api\src\presentation\protocols\index.ts">
        <metrics statements="2" coveredstatements="0" conditionals="0" coveredconditionals="0" methods="0" coveredmethods="0"/>
        <line num="1" count="0" type="stmt"/>
        <line num="2" count="0" type="stmt"/>
      </file>
    </package>
  </project>
</coverage>
