{"C:\\Users\\cgome\\Documents\\webdesign\\clean architecture\\clean-node-api\\src\\presentation\\controllers\\signUpController\\signUpController.ts": {"path":"C:\\Users\\cgome\\Documents\\webdesign\\clean architecture\\clean-node-api\\src\\presentation\\controllers\\signUpController\\signUpController.ts","statementMap":{"0":{"start":{"line":2,"column":0},"end":{"line":2,"column":68}},"1":{"start":{"line":3,"column":0},"end":{"line":3,"column":79}},"2":{"start":{"line":7,"column":0},"end":{"line":7,"column":13}},"3":{"start":{"line":9,"column":21},"end":{"line":9,"column":51}},"4":{"start":{"line":10,"column":21},"end":{"line":10,"column":43}},"5":{"start":{"line":13,"column":8},"end":{"line":45,"column":null}},"6":{"start":{"line":14,"column":10},"end":{"line":19,"column":6}},"7":{"start":{"line":22,"column":4},"end":{"line":25,"column":null}},"8":{"start":{"line":22,"column":15},"end":{"line":22,"column":24}},"9":{"start":{"line":23,"column":6},"end":{"line":24,"column":56}},"10":{"start":{"line":24,"column":8},"end":{"line":24,"column":56}},"11":{"start":{"line":27,"column":10},"end":{"line":27,"column":60}},"12":{"start":{"line":30,"column":12},"end":{"line":30,"column":62}},"13":{"start":{"line":31,"column":6},"end":{"line":33,"column":null}},"14":{"start":{"line":32,"column":8},"end":{"line":32,"column":58}},"15":{"start":{"line":35,"column":6},"end":{"line":37,"column":null}},"16":{"start":{"line":36,"column":8},"end":{"line":36,"column":73}},"17":{"start":{"line":40,"column":22},"end":{"line":40,"column":null}},"18":{"start":{"line":40,"column":12},"end":{"line":40,"column":null}},"19":{"start":{"line":41,"column":6},"end":{"line":41,"column":33}},"20":{"start":{"line":43,"column":6},"end":{"line":43,"column":27}},"21":{"start":{"line":46,"column":0},"end":{"line":46,"column":null}},"22":{"start":{"line":7,"column":13},"end":{"line":7,"column":29}}},"fnMap":{"0":{"name":"(anonymous_13)","decl":{"start":{"line":7,"column":0},"end":{"line":7,"column":13}},"loc":{"start":{"line":7,"column":0},"end":{"line":46,"column":null}}},"1":{"name":"SignUpController","decl":{"start":{"line":8,"column":2},"end":{"line":8,"column":null}},"loc":{"start":{"line":10,"column":43},"end":{"line":11,"column":6}}},"2":{"name":"(anonymous_15)","decl":{"start":{"line":13,"column":2},"end":{"line":13,"column":8}},"loc":{"start":{"line":13,"column":39},"end":{"line":45,"column":null}}}},"branchMap":{"0":{"loc":{"start":{"line":23,"column":6},"end":{"line":24,"column":56}},"type":"if","locations":[{"start":{"line":23,"column":6},"end":{"line":24,"column":56}}]},"1":{"loc":{"start":{"line":31,"column":6},"end":{"line":33,"column":null}},"type":"if","locations":[{"start":{"line":31,"column":6},"end":{"line":33,"column":null}}]},"2":{"loc":{"start":{"line":35,"column":6},"end":{"line":37,"column":null}},"type":"if","locations":[{"start":{"line":35,"column":6},"end":{"line":37,"column":null}}]}},"s":{"0":1,"1":1,"2":1,"3":11,"4":11,"5":1,"6":11,"7":11,"8":38,"9":38,"10":4,"11":7,"12":7,"13":6,"14":1,"15":5,"16":1,"17":4,"18":3,"19":3,"20":2,"21":1,"22":1},"f":{"0":1,"1":11,"2":11},"b":{"0":[4],"1":[1],"2":[1]}}
,"C:\\Users\\cgome\\Documents\\webdesign\\clean architecture\\clean-node-api\\src\\presentation\\errors\\index.ts": {"path":"C:\\Users\\cgome\\Documents\\webdesign\\clean architecture\\clean-node-api\\src\\presentation\\errors\\index.ts","statementMap":{"0":{"start":{"line":1,"column":0},"end":{"line":1,"column":36}},"1":{"start":{"line":2,"column":0},"end":{"line":2,"column":36}},"2":{"start":{"line":3,"column":0},"end":{"line":3,"column":30}}},"fnMap":{},"branchMap":{},"s":{"0":1,"1":1,"2":1},"f":{},"b":{}}
,"C:\\Users\\cgome\\Documents\\webdesign\\clean architecture\\clean-node-api\\src\\presentation\\errors\\invalidEmailError.ts": {"path":"C:\\Users\\cgome\\Documents\\webdesign\\clean architecture\\clean-node-api\\src\\presentation\\errors\\invalidEmailError.ts","statementMap":{"0":{"start":{"line":1,"column":0},"end":{"line":1,"column":null}},"1":{"start":{"line":1,"column":39},"end":{"line":1,"column":44}},"2":{"start":{"line":3,"column":4},"end":{"line":3,"column":null}},"3":{"start":{"line":4,"column":4},"end":{"line":4,"column":36}},"4":{"start":{"line":6,"column":0},"end":{"line":6,"column":null}},"5":{"start":{"line":1,"column":13},"end":{"line":1,"column":30}}},"fnMap":{"0":{"name":"(anonymous_6)","decl":{"start":{"line":1,"column":0},"end":{"line":1,"column":13}},"loc":{"start":{"line":1,"column":0},"end":{"line":6,"column":null}}},"1":{"name":"InvalidParamError","decl":{"start":{"line":2,"column":2},"end":{"line":2,"column":14}},"loc":{"start":{"line":2,"column":31},"end":{"line":5,"column":3}}}},"branchMap":{"0":{"loc":{"start":{"line":3,"column":4},"end":{"line":3,"column":null}},"type":"binary-expr","locations":[{"start":{"line":3,"column":4},"end":{"line":3,"column":40}},{"start":{"line":3,"column":40},"end":{"line":3,"column":null}}]}},"s":{"0":1,"1":1,"2":4,"3":4,"4":1,"5":1},"f":{"0":1,"1":4},"b":{"0":[4,0]}}
,"C:\\Users\\cgome\\Documents\\webdesign\\clean architecture\\clean-node-api\\src\\presentation\\errors\\missingParamError.ts": {"path":"C:\\Users\\cgome\\Documents\\webdesign\\clean architecture\\clean-node-api\\src\\presentation\\errors\\missingParamError.ts","statementMap":{"0":{"start":{"line":1,"column":0},"end":{"line":1,"column":null}},"1":{"start":{"line":1,"column":39},"end":{"line":1,"column":44}},"2":{"start":{"line":3,"column":4},"end":{"line":3,"column":null}},"3":{"start":{"line":4,"column":4},"end":{"line":4,"column":36}},"4":{"start":{"line":6,"column":0},"end":{"line":6,"column":null}},"5":{"start":{"line":1,"column":13},"end":{"line":1,"column":30}}},"fnMap":{"0":{"name":"(anonymous_6)","decl":{"start":{"line":1,"column":0},"end":{"line":1,"column":13}},"loc":{"start":{"line":1,"column":0},"end":{"line":6,"column":null}}},"1":{"name":"MissingParamError","decl":{"start":{"line":2,"column":2},"end":{"line":2,"column":14}},"loc":{"start":{"line":2,"column":31},"end":{"line":5,"column":3}}}},"branchMap":{"0":{"loc":{"start":{"line":3,"column":4},"end":{"line":3,"column":null}},"type":"binary-expr","locations":[{"start":{"line":3,"column":4},"end":{"line":3,"column":40}},{"start":{"line":3,"column":40},"end":{"line":3,"column":null}}]}},"s":{"0":1,"1":1,"2":8,"3":8,"4":1,"5":1},"f":{"0":1,"1":8},"b":{"0":[8,0]}}
,"C:\\Users\\cgome\\Documents\\webdesign\\clean architecture\\clean-node-api\\src\\presentation\\errors\\serverError.ts": {"path":"C:\\Users\\cgome\\Documents\\webdesign\\clean architecture\\clean-node-api\\src\\presentation\\errors\\serverError.ts","statementMap":{"0":{"start":{"line":1,"column":0},"end":{"line":1,"column":null}},"1":{"start":{"line":1,"column":33},"end":{"line":1,"column":38}},"2":{"start":{"line":3,"column":4},"end":{"line":3,"column":null}},"3":{"start":{"line":4,"column":4},"end":{"line":4,"column":30}},"4":{"start":{"line":6,"column":0},"end":{"line":6,"column":null}},"5":{"start":{"line":1,"column":13},"end":{"line":1,"column":24}}},"fnMap":{"0":{"name":"(anonymous_6)","decl":{"start":{"line":1,"column":0},"end":{"line":1,"column":13}},"loc":{"start":{"line":1,"column":0},"end":{"line":6,"column":null}}},"1":{"name":"ServerError","decl":{"start":{"line":2,"column":2},"end":{"line":2,"column":null}},"loc":{"start":{"line":2,"column":2},"end":{"line":5,"column":3}}}},"branchMap":{"0":{"loc":{"start":{"line":3,"column":4},"end":{"line":3,"column":null}},"type":"binary-expr","locations":[{"start":{"line":3,"column":4},"end":{"line":3,"column":34}},{"start":{"line":3,"column":34},"end":{"line":3,"column":null}}]}},"s":{"0":1,"1":1,"2":4,"3":4,"4":1,"5":1},"f":{"0":1,"1":4},"b":{"0":[4,0]}}
,"C:\\Users\\cgome\\Documents\\webdesign\\clean architecture\\clean-node-api\\src\\presentation\\helpers\\httpHelper.ts": {"path":"C:\\Users\\cgome\\Documents\\webdesign\\clean architecture\\clean-node-api\\src\\presentation\\helpers\\httpHelper.ts","statementMap":{"0":{"start":{"line":1,"column":0},"end":{"line":1,"column":40}},"1":{"start":{"line":4,"column":26},"end":{"line":4,"column":59}},"2":{"start":{"line":4,"column":58},"end":{"line":7,"column":3}},"3":{"start":{"line":4,"column":13},"end":{"line":4,"column":26}},"4":{"start":{"line":9,"column":27},"end":{"line":9,"column":48}},"5":{"start":{"line":9,"column":47},"end":{"line":12,"column":3}},"6":{"start":{"line":9,"column":13},"end":{"line":9,"column":27}},"7":{"start":{"line":14,"column":26},"end":{"line":14,"column":56}},"8":{"start":{"line":14,"column":55},"end":{"line":17,"column":3}},"9":{"start":{"line":14,"column":13},"end":{"line":14,"column":26}}},"fnMap":{"0":{"name":"(anonymous_0)","decl":{"start":{"line":4,"column":26},"end":{"line":4,"column":27}},"loc":{"start":{"line":4,"column":39},"end":{"line":4,"column":59}}},"1":{"name":"(anonymous_1)","decl":{"start":{"line":9,"column":27},"end":{"line":9,"column":47}},"loc":{"start":{"line":9,"column":27},"end":{"line":9,"column":48}}},"2":{"name":"(anonymous_2)","decl":{"start":{"line":14,"column":26},"end":{"line":14,"column":27}},"loc":{"start":{"line":14,"column":36},"end":{"line":14,"column":56}}}},"branchMap":{},"s":{"0":1,"1":1,"2":6,"3":1,"4":1,"5":2,"6":1,"7":1,"8":3,"9":1},"f":{"0":6,"1":2,"2":3},"b":{}}
,"C:\\Users\\cgome\\Documents\\webdesign\\clean architecture\\clean-node-api\\src\\presentation\\protocols\\index.ts": {"path":"C:\\Users\\cgome\\Documents\\webdesign\\clean architecture\\clean-node-api\\src\\presentation\\protocols\\index.ts","statementMap":{"0":{"start":{"line":1,"column":0},"end":{"line":1,"column":29}},"1":{"start":{"line":2,"column":0},"end":{"line":2,"column":23}}},"fnMap":{},"branchMap":{},"s":{"0":0,"1":0},"f":{},"b":{}}
}
