TN:
SF:src\presentation\controllers\signUpController\signUpController.ts
FN:7,(anonymous_13)
FN:8,SignUpController
FN:13,(anonymous_15)
FNF:3
FNH:3
FNDA:1,(anonymous_13)
FNDA:11,SignUpController
FNDA:11,(anonymous_15)
DA:2,1
DA:3,1
DA:7,1
DA:9,11
DA:10,11
DA:13,1
DA:14,11
DA:22,38
DA:23,38
DA:24,4
DA:27,7
DA:30,7
DA:31,6
DA:32,1
DA:35,5
DA:36,1
DA:40,4
DA:41,3
DA:43,2
DA:46,1
LF:20
LH:20
BRDA:23,0,0,4
BRDA:31,1,0,1
BRDA:35,2,0,1
BRF:3
BRH:3
end_of_record
TN:
SF:src\presentation\errors\index.ts
FNF:0
FNH:0
DA:1,1
DA:2,1
DA:3,1
LF:3
LH:3
BRF:0
BRH:0
end_of_record
TN:
SF:src\presentation\errors\invalidEmailError.ts
FN:1,(anonymous_6)
FN:2,InvalidParamError
FNF:2
FNH:2
FNDA:1,(anonymous_6)
FNDA:4,InvalidParamError
DA:1,1
DA:3,4
DA:4,4
DA:6,1
LF:4
LH:4
BRDA:3,0,0,4
BRDA:3,0,1,0
BRF:2
BRH:1
end_of_record
TN:
SF:src\presentation\errors\missingParamError.ts
FN:1,(anonymous_6)
FN:2,MissingParamError
FNF:2
FNH:2
FNDA:1,(anonymous_6)
FNDA:8,MissingParamError
DA:1,1
DA:3,8
DA:4,8
DA:6,1
LF:4
LH:4
BRDA:3,0,0,8
BRDA:3,0,1,0
BRF:2
BRH:1
end_of_record
TN:
SF:src\presentation\errors\serverError.ts
FN:1,(anonymous_6)
FN:2,ServerError
FNF:2
FNH:2
FNDA:1,(anonymous_6)
FNDA:4,ServerError
DA:1,1
DA:3,4
DA:4,4
DA:6,1
LF:4
LH:4
BRDA:3,0,0,4
BRDA:3,0,1,0
BRF:2
BRH:1
end_of_record
TN:
SF:src\presentation\helpers\httpHelper.ts
FN:4,(anonymous_0)
FN:9,(anonymous_1)
FN:14,(anonymous_2)
FNF:3
FNH:3
FNDA:6,(anonymous_0)
FNDA:2,(anonymous_1)
FNDA:3,(anonymous_2)
DA:1,1
DA:4,6
DA:9,2
DA:14,3
LF:4
LH:4
BRF:0
BRH:0
end_of_record
TN:
SF:src\presentation\protocols\index.ts
FNF:0
FNH:0
DA:1,0
DA:2,0
LF:2
LH:0
BRF:0
BRH:0
end_of_record
